Apr 26 11:26:42 Installed: mpfr-3.1.1-4.el7.x86_64
Apr 26 11:26:42 Installed: libmpc-1.0.1-3.el7.x86_64
Apr 26 11:26:43 Installed: cpp-4.8.5-16.el7_4.2.x86_64
Apr 26 11:26:43 Updated: libgomp-4.8.5-16.el7_4.2.x86_64
Apr 26 11:26:44 Installed: kernel-headers-3.10.0-693.21.1.el7.x86_64
Apr 26 11:26:44 Installed: glibc-headers-2.17-196.el7_4.2.x86_64
Apr 26 11:26:44 Installed: glibc-devel-2.17-196.el7_4.2.x86_64
Apr 26 11:26:44 Updated: libgcc-4.8.5-16.el7_4.2.x86_64
Apr 26 11:26:46 Installed: gcc-4.8.5-16.el7_4.2.x86_64
Apr 26 11:27:07 Installed: ncurses-devel-5.9-14.20130511.el7_4.x86_64
Apr 26 11:30:23 Installed: zlib-devel-1.2.7-17.el7.x86_64
Apr 26 11:30:23 Installed: elfutils-libelf-devel-0.168-8.el7.x86_64
Apr 26 11:30:43 Installed: bc-1.06.95-13.el7.x86_64
Apr 26 11:32:33 Installed: libkadm5-1.15.1-8.el7.x86_64
Apr 26 11:32:33 Installed: libsepol-devel-2.5-6.el7.x86_64
Apr 26 11:32:33 Installed: pcre-devel-8.32-17.el7.x86_64
Apr 26 11:32:34 Installed: libselinux-devel-2.5-11.el7.x86_64
Apr 26 11:32:34 Installed: libcom_err-devel-1.42.9-10.el7.x86_64
Apr 26 11:32:34 Installed: libverto-devel-0.2.5-4.el7.x86_64
Apr 26 11:32:34 Installed: keyutils-libs-devel-1.5.8-3.el7.x86_64
Apr 26 11:32:34 Installed: krb5-devel-1.15.1-8.el7.x86_64
Apr 26 11:32:35 Installed: 1:openssl-devel-1.0.2k-8.el7.x86_64
